OpenMoHAA: openmohaa_library_init called.
Godot Engine v4.6.1.stable.official.14d19694e - https://godotengine.org

OpenMoHAA: initialize_openmohaa_module called at SCENE level.
Main: Script started.
Main: 'MoHAARunner' found in ClassDB.
[MoHAA] Initialising engine...
tty console mode disabled
--- Common Initialization ---
OpenMoHAA v0.55.0-git linux Feb 27 2026
----- FS_Startup -----
Current search path:
/home/elgan/.config/openmohaa/main
/home/elgan/.local/share/openmohaa/main
/home/elgan/.local/share/openmohaa/main/pak7.pk3 (89 files)
/home/elgan/.local/share/openmohaa/main/Pak6EnUk.pk3 (395 files)
/home/elgan/.local/share/openmohaa/main/Pak6.pk3 (395 files)
/home/elgan/.local/share/openmohaa/main/pak6.pk3 (104 files)
/home/elgan/.local/share/openmohaa/main/Pak5.pk3 (259 files)
/home/elgan/.local/share/openmohaa/main/Pak4.pk3 (593 files)
/home/elgan/.local/share/openmohaa/main/Pak3.pk3 (669 files)
/home/elgan/.local/share/openmohaa/main/Pak2.pk3 (4722 files)
/home/elgan/.local/share/openmohaa/main/Pak1.pk3 (396 files)
/home/elgan/.local/share/openmohaa/main/Pak0.pk3 (11174 files)
/home/elgan/.local/state/openmohaa/main
./main

----------------------
37592 files in pk3 files
execing default.cfg
execing menu.cfg
Config: omconfig_server.cfg
execing configs/omconfig_server.cfg
couldn't exec localized.cfg
couldn't exec autoexec.cfg
You are now setup for medium mode.
logfile opened on Fri Feb 27 12:24:14 2026

=> game is version OpenMoHAA v0.55.0-git linux Feb 27 2026
=> targeting game ID 0
----- Client Initialization -----
----- Initializing Renderer ----
[GodotRenderer] Initialising Godot renderer backend
-------------------------------
[GodotSound] S_Init (full_startup=1)
QKEY found.
[GodotRenderer] BeginRegistration
[GodotRenderer] Calling R_Init() to bootstrap real shader/image/model subsystems
----- R_Init -----
Initializing Shaders
...loading 'scripts/gfx.shader'
...loading 'scripts/jeep.shader'
...loading 'scripts/ktigertank.shader'
...loading 'scripts/opel.shader'
...loading 'scripts/panzer_iv.shader'
...loading 'scripts/tigertank.shader'
...loading 'scripts/mohmenu.shader'
...loading 'scripts/15cannon.shader'
...loading 'scripts/20mmflak.shader'
...loading 'scripts/3dk.shader'
...loading 'scripts/algiers.shader'
...loading 'scripts/allied_insignia.shader'
...loading 'scripts/allied_pilot.shader'
...loading 'scripts/barracks.shader'
...loading 'scripts/barrel.shader'
...loading 'scripts/beams.shader'
...loading 'scripts/blasted.shader'
...loading 'scripts/bmwbike.shader'
...loading 'scripts/bottles.shader'
...loading 'scripts/brest.shader'
...loading 'scripts/bunker.shader'
...loading 'scripts/c47.shader'
...loading 'scripts/car.shader'
...loading 'scripts/central_europe.shader'
...loading 'scripts/central_europe_winter.shader'
...loading 'scripts/clock.shader'
...loading 'scripts/cockroach.shader'
...loading 'scripts/common.shader'
...loading 'scripts/crates.shader'
...loading 'scripts/das_boot.shader'
...loading 'scripts/ddaydark.shader'
...loading 'scripts/dday_shaders_v1.shader'
...loading 'scripts/decals.shader'
...loading 'scripts/dtruck.shader'
...loading 'scripts/effects.shader'
...loading 'scripts/environmentalfx.shader'
...loading 'scripts/faces.shader'
...loading 'scripts/flags.shader'
...loading 'scripts/flak88.shader'
...loading 'scripts/fockwulf.shader'
...loading 'scripts/french.shader'
...loading 'scripts/french_resistance.shader'
...loading 'scripts/frogman.shader'
...loading 'scripts/furniture.shader'
...loading 'scripts/general_industrial.shader'
...loading 'scripts/general_structure.shader'
...loading 'scripts/german.shader'
...loading 'scripts/german_dak.shader'
...loading 'scripts/german_gear.shader'
...loading 'scripts/german_kreigsmarine.shader'
...loading 'scripts/german_motorpool.shader'
...loading 'scripts/german_obershutze.shader'
...loading 'scripts/german_officer.shader'
...loading 'scripts/german_officer2.shader'
...loading 'scripts/german_scientist.shader'
...loading 'scripts/german_sentry.shader'
...loading 'scripts/german_shepherd.shader'
...loading 'scripts/german_ssnco.shader'
...loading 'scripts/german_ssshutze.shader'
...loading 'scripts/german_wehrmact.shader'
...loading 'scripts/german_winter.shader'
...loading 'scripts/german_worker.shader'
...loading 'scripts/gestapo.shader'
...loading 'scripts/gmctruck.shader'
...loading 'scripts/higgins.shader'
...loading 'scripts/howitzer.shader'
...loading 'scripts/hud.shader'
...loading 'scripts/hundpatrol.shader'
...loading 'scripts/indycrate.shader'
...loading 'scripts/interior.shader'
...loading 'scripts/interiorfx.shader'
...loading 'scripts/interior_northafrica.shader'
...loading 'scripts/items.shader'
...loading 'scripts/ktigertank_d.shader'
...loading 'scripts/light.shader'
...loading 'scripts/loadingscreens.shader'
...loading 'scripts/m1l1anate.shader'
...loading 'scripts/m3.shader'
...loading 'scripts/m5l2anate.shader'
...loading 'scripts/manon.shader'
...loading 'scripts/mercedes.shader'
...loading 'scripts/misc_outside.shader'
...loading 'scripts/mohcommon.shader'
...loading 'scripts/mohdetails.shader'
...loading 'scripts/mohtest.shader'
...loading 'scripts/nazi_crate.shader'
...loading 'scripts/nebelwerfer.shader'
...loading 'scripts/nebelwerfer_d.shader'
...loading 'scripts/normandy.shader'
...loading 'scripts/norway.shader'
...loading 'scripts/obstacles.shader'
...loading 'scripts/ocean.shader'
...loading 'scripts/p47.shader'
...loading 'scripts/panzershutze.shader'
...loading 'scripts/panzer_g.shader'
...loading 'scripts/panzer_grenadier.shader'
...loading 'scripts/paulscrate.shader'
...loading 'scripts/playerviewmodel.shader'
...loading 'scripts/protoamerican.shader'
...loading 'scripts/protogerman.shader'
...loading 'scripts/protosprites.shader'
...loading 'scripts/sandbags.shader'
...loading 'scripts/sdkfz.shader'
...loading 'scripts/sdkfz_desert_d.shader'
...loading 'scripts/shells.shader'
...loading 'scripts/shermantank.shader'
...loading 'scripts/sky.shader'
...loading 'scripts/sky_old.shader'
...loading 'scripts/sprites.shader'
...loading 'scripts/static_basket.shader'
...loading 'scripts/static_items.shader'
...loading 'scripts/static_obstacles.shader'
...loading 'scripts/static_piperplane.shader'
...loading 'scripts/static_sandbags.shader'
...loading 'scripts/static_wirerailholder.shader'
...loading 'scripts/stuka.shader'
...loading 'scripts/submodels.shader'
...loading 'scripts/sunflare.shader'
...loading 'scripts/tank_commander.shader'
...loading 'scripts/targets.shader'
...loading 'scripts/tempfakk.shader'
...loading 'scripts/tempsign.shader'
...loading 'scripts/test.shader'
...loading 'scripts/tigertank_d.shader'
...loading 'scripts/train.shader'
...loading 'scripts/trees.shader'
...loading 'scripts/treeshadows.shader'
...loading 'scripts/us_gear.shader'
...loading 'scripts/us_soldier.shader'
...loading 'scripts/wake.shader'
...loading 'scripts/weapons_allied.shader'
...loading 'scripts/weapons_german.shader'
...loading 'scripts/wilderness.shader'
...loading 'scripts/windowdecals.shader'
...loading 'scripts/windowold.shader'
...loading 'scripts/windowtst.shader'
...loading 'scripts/wirecutters.shader'
Setting up Shaders
----- finished R_Init -----
[GodotRenderer] BeginRegistration: r_mode=9 fs=0 => 1600x1200
Loading inventory...
----- Client Initialization Complete ----- -50 ms
--- Common Initialization Complete --- 113 ms
IP: 127.0.0.1
IP: 192.168.1.171
IP: 172.19.0.1
IP: 172.18.0.1
IP: 172.17.0.1
IP: 172.21.0.1
IP: 172.20.0.1
IP: 172.22.0.1
IP6: ::1
IP6: fd49:c467:9573::ebe
IP6: 2a02:390:6696::ebe
IP6: 2a02:390:6696:0:7fb2:3fa7:2d91:bf57
IP6: 2a02:390:6696:0:26:d55e:22f4:dde8
IP6: fd49:c467:9573:0:feb7:b231:247c:a58e
IP6: fd49:c467:9573:0:f9f2:197a:ec01:7718
IP6: fe80::b59:a2e:c4d8:69a1%wlp11s0
Opening IP socket: 0.0.0.0:12203
WARNING: NET_IPSocket: bind: Address already in use
Opening IP socket: 0.0.0.0:12204
[ShaderAccessors] Pre-cached 20 shaders from tr.shaders[]
[MoHAA] 3D scene created (Camera3D + light + environment).
[MoHAA] Weapon SubViewport created (1280x720)
[MoHAA] Audio bridge initialised: 32 3D + 16 2D players.
[MoHAA] Music player initialised.
[MoHAA] Ubersound accessor ready (aliases loaded by cgame at map load).
[MoHAA] Cinematic display initialised.
[GodotMusic] Initialised
[MoHAA] Engine initialised.
Main: MoHAARunner added to tree.
Main: Startup args -> +set dedicated 0 +set developer 0 +map dm/mohdm1
Main: Startup map -> dm/mohdm1
Main: server_state -> dead (0)
------ Server Initialization ------
Server: dm/mohdm1
[GodotRenderer] BeginRegistration
[GodotRenderer] BeginRegistration: r_mode=9 fs=0 => 1600x1200
UI_DrawConnect called
UI_DrawConnect called
[MoHAA][STATBAR] DrawStatbar ZERO frac, tileShader, or=1
==== InitGame ====
gamename: OPENMOHAA
gamedate: Feb 27 2026
==== CleanupGame ====
UI_DrawConnect called
[MoHAA][STATBAR] DrawStatbar frac=0.006 or=1 mat=17 shaderWH=256x8 frame=252.0x8.0 vscale=1.000,1.000
UI_DrawConnect called
[MoHAA][STATBAR] DrawStatbar frac=0.048 or=1 mat=17 shaderWH=256x8 frame=252.0x8.0 vscale=1.000,1.000
UI_DrawConnect called
[MoHAA][STATBAR] DrawStatbar frac=0.081 or=1 mat=17 shaderWH=256x8 frame=252.0x8.0 vscale=1.000,1.000
UI_DrawConnect called
[MoHAA][STATBAR] DrawStatbar frac=0.093 or=1 mat=17 shaderWH=256x8 frame=252.0x8.0 vscale=1.000,1.000
UI_DrawConnect called
[MoHAA][STATBAR] DrawStatbar frac=0.107 or=1 mat=17 shaderWH=256x8 frame=252.0x8.0 vscale=1.000,1.000
^~^~^ Box data is corrupted for 'models/human/allied_pilot/allied_pilot.skd'
UI_DrawConnect called
[MoHAA][STATBAR] DrawStatbar frac=0.133 or=1 mat=17 shaderWH=256x8 frame=252.0x8.0 vscale=1.000,1.000
UI_DrawConnect called
[MoHAA][STATBAR] DrawStatbar frac=0.175 or=1 mat=17 shaderWH=256x8 frame=252.0x8.0 vscale=1.000,1.000
WARNING: Couldn't find voting options file: callvote.cfg
UI_DrawConnect called
[MoHAA][STATBAR] DrawStatbar frac=0.181 or=1 mat=17 shaderWH=256x8 frame=252.0x8.0 vscale=1.000,1.000
-------------------- Spawning Entities -----------------------
-------------------- Actual Spawning Entities -----------------------
-------------------- Actual Spawning Entities Done ------------------ 1 ms
0 teams with 0 entities
32 entities spawned
94 simple entities spawned
0 entities inhibited
-------------------- Spawning Entities Done ------------------ 3 ms
------ Server Initialization Complete ------  0.95 seconds
---- Recast Navigation ----
No bots, skipping navigation
Client 0 (IP: localhost) is connecting
UI_DrawConnect called
[MoHAA][STATBAR] DrawStatbar frac=0.196 or=1 mat=17 shaderWH=256x8 frame=252.0x8.0 vscale=1.000,1.000
[MoHAA] Mouse State Change: catchers=0x2 overlay=1 guimouse=1 should_capture=0
[MoHAA] vid_restart: fullscreen=0 size=1600x1200
[MoHAA] Custom cursor set: 32x32
[MoHAA] HUD overlay created.
[MoHAA][TEX-DIAG] shader='mohdm1' path='textures/mohmenu/dmloading/mohdm1.tga' format=5 size=512x512 detect_alpha=2 has_alpha=true
[MAP-PREVIEW] shader='mohdm1' raw=(96.0,47.0,448.0,336.0) rect=(9.6,6.3,44.8,44.8) draw=(9.6,6.3,44.8,44.8) src=(0.0,0.0,512.0,512.0) scissor=ON scis_rect=(9.6,6.3,44.8,44.8) col=(1.0,1.0,1.0,1.0) blend=3.0 tex=512x512 uv=0.0,0.0->1.0,1.0 scale=0.1,0.1333
[MoHAA] 2D overlay: 72 draw commands
[MoHAA] Audio: 3 sounds registered, 1 events this frame, 0 loops active.
[VFX-VERIFY] ---- Sprite shader data verification ----
[VFX-VERIFY]  'muzsprite' img=64x64 sprScale=0.3 base_extent=0.488m (at entScale=1.0)
[VFX-VERIFY]  'thompsonsmg_spriteflash' NOT FOUND
[VFX-VERIFY]  'mg42_spriteflash' NOT FOUND
[VFX-VERIFY]  'corona_util' img=128x128 sprScale=1.0 base_extent=3.251m (at entScale=1.0)
[VFX-VERIFY]  'vsssource' img=32x32 sprScale=1.0 base_extent=0.813m (at entScale=1.0)
[VFX-VERIFY]  'fgrenexplosion' NOT FOUND
[VFX-VERIFY]  'splash_z' NOT FOUND
[VFX-VERIFY] ---- End verification ----
[MoHAA] Map loaded: dm/mohdm1
[MoHAA] Client: state=4 keyCatchers=0x2 guiMouse=1 startStage=0 mousePos=(0,0)
Main: SIGNAL map_loaded -> dm/mohdm1
Main: Screenshot scheduled in 1.5s
[MoHAA] Dismissing loading screen after map load.
Main: server_state -> game (3)
UI_DrawConnect called
[MoHAA] SyncGuiMouse: Force ON (catchers=0x2)
----- FS_Startup -----
Current search path:
/home/elgan/.config/openmohaa/main
/home/elgan/.local/share/openmohaa/main
/home/elgan/.local/share/openmohaa/main/pak7.pk3 (89 files)
/home/elgan/.local/share/openmohaa/main/Pak6EnUk.pk3 (395 files)
/home/elgan/.local/share/openmohaa/main/Pak6.pk3 (395 files)
/home/elgan/.local/share/openmohaa/main/pak6.pk3 (104 files)
/home/elgan/.local/share/openmohaa/main/Pak5.pk3 (259 files)
/home/elgan/.local/share/openmohaa/main/Pak4.pk3 (593 files)
/home/elgan/.local/share/openmohaa/main/Pak3.pk3 (669 files)
/home/elgan/.local/share/openmohaa/main/Pak2.pk3 (4722 files)
/home/elgan/.local/share/openmohaa/main/Pak1.pk3 (396 files)
/home/elgan/.local/share/openmohaa/main/Pak0.pk3 (11174 files)
/home/elgan/.local/state/openmohaa/main
./main

handle 1: qconsole.log
----------------------
75184 files in pk3 files
GDExtension: trying cgame next to library at "/run/media/elgan/bdb8dbed-86d7-41d2-90f3-09a45ed5ad9c1/dev/opm-godot/project/bin/cgame.so"...
GDExtension: Sys_GetCGameAPI(cgame.so) — loaded OK


-----------PARSING 'ubersound/uberdialog.scr'------------
Any SetCurrentTiki errors means that tiki wasn't prefetched and tiki-specific sounds for it won't work. To fix prefetch the tiki. Ignore if you don't use that tiki on this level.
UI_DrawConnect called
Parse/Load time: 0.018000 seconds.
-------------PARSING 'ubersound/uberdialog.scr' DONE---------------



-----------PARSING 'ubersound/ubersound.scr'------------
Any SetCurrentTiki errors means that tiki wasn't prefetched and tiki-specific sounds for it won't work. To fix prefetch the tiki. Ignore if you don't use that tiki on this level.
Parse/Load time: 0.009000 seconds.
-------------PARSING 'ubersound/ubersound.scr' DONE---------------

[GodotRenderer] LoadWorld: maps/dm/mohdm1.bsp
UI_DrawConnect called
stitched 0 LoD cracks
...loaded 6043 faces, 120 meshes, 0 trisurfs, 0 flares
UI_DrawConnect called
UI_DrawConnect called
UI_DrawConnect called
[GodotRenderer] TIKI load failed: models/player/allied_oss.tik
[GodotRenderer] RegisterModel FAILED: models/player/allied_oss.tik
[GodotRenderer] TIKI load failed: models/player/allied_oss_fps.tik
[GodotRenderer] RegisterModel FAILED: models/player/allied_oss_fps.tik
[GodotRenderer] TIKI load failed: models/player/german_elite_gestapo.tik
[GodotRenderer] RegisterModel FAILED: models/player/german_elite_gestapo.tik
[GodotRenderer] TIKI load failed: models/player/german_elite_gestapo_fps.tik
[GodotRenderer] RegisterModel FAILED: models/player/german_elite_gestapo_fps.tik
UI_DrawConnect called
[GodotRenderer] TIKI load failed: models/player/german_winter1.tik
[GodotRenderer] RegisterModel FAILED: models/player/german_winter1.tik
[GodotRenderer] TIKI load failed: models/player/german_winter1_fps.tik
[GodotRenderer] RegisterModel FAILED: models/player/german_winter1_fps.tik
[GodotRenderer] TIKI load failed: models/player/german_winter2.tik
[GodotRenderer] RegisterModel FAILED: models/player/german_winter2.tik
[GodotRenderer] TIKI load failed: models/player/german_winter2_fps.tik
[GodotRenderer] RegisterModel FAILED: models/player/german_winter2_fps.tik
[GodotRenderer] TIKI load failed: models/fx/fx_fence_wood.tik
[GodotRenderer] RegisterModel FAILED: models/fx/fx_fence_wood.tik
[GodotSound] EndRegistration: 367 sounds registered
Z_TouchMemory: 0 msec
CL_EndRegistration: -0.00 seconds
CL_InitCGame:  0.20 seconds
UI_DrawConnect called
[MoHAA] SyncGuiMouse: Force ON (catchers=0x2)
[MoHAA] Loading BSP world: maps/dm/mohdm1.bsp
[ShaderAccessors] Pre-cached 213 shaders from tr.shaders[]
[BSP] Loaded maps/dm/mohdm1.bsp (6476964 bytes)
[BSP] Version 19, checksum 558032789
[BSP] Shaders: 215, Verts: 30168, Indices: 47298, Surfaces: 6163
[BSP] Loaded 53 lightmaps.
[BSP] Models: 27 (1 world + 26 brush sub-models)
[BSP] Processed 5984 surfaces (120 patches tessellated), 0 terrain patches, skipped 0 (nodraw/tool), 57 (sky), 18 (flare), 104 (brushmodel). 473 clusters, 1878 shader batches.
[BSP] Built 26 brush sub-model meshes.
[BSP] Parsed 349 static model definitions.
[BSP] Created 447 cluster mesh nodes. Textures loaded: 1905, missing: 0
[BSP] World geometry loaded.
[MoHAA] BSP world added to scene.
[MoHAA] First skeletal model built: models/static/corona_orange.tik — 4 verts, 2 tris, 1 surfaces, 10 LODs
ERROR: Condition "array_len == 0" is true. Returning: ERR_INVALID_DATA
   at: mesh_create_surface_data_from_arrays (servers/rendering/rendering_server.cpp:1207)
ERROR: Condition "err != OK" is true.
   at: add_surface_from_arrays (scene/resources/mesh.cpp:1825)
ERROR: Condition "array_len == 0" is true. Returning: ERR_INVALID_DATA
   at: mesh_create_surface_data_from_arrays (servers/rendering/rendering_server.cpp:1207)
ERROR: Condition "err != OK" is true.
   at: add_surface_from_arrays (scene/resources/mesh.cpp:1825)
ERROR: Condition "array_len == 0" is true. Returning: ERR_INVALID_DATA
   at: mesh_create_surface_data_from_arrays (servers/rendering/rendering_server.cpp:1207)
ERROR: Condition "err != OK" is true.
   at: add_surface_from_arrays (scene/resources/mesh.cpp:1825)
ERROR: Condition "array_len == 0" is true. Returning: ERR_INVALID_DATA
   at: mesh_create_surface_data_from_arrays (servers/rendering/rendering_server.cpp:1207)
ERROR: Condition "err != OK" is true.
   at: add_surface_from_arrays (scene/resources/mesh.cpp:1825)
ERROR: Condition "array_len == 0" is true. Returning: ERR_INVALID_DATA
   at: mesh_create_surface_data_from_arrays (servers/rendering/rendering_server.cpp:1207)
ERROR: Condition "err != OK" is true.
   at: add_surface_from_arrays (scene/resources/mesh.cpp:1825)
ERROR: Condition "array_len == 0" is true. Returning: ERR_INVALID_DATA
   at: mesh_create_surface_data_from_arrays (servers/rendering/rendering_server.cpp:1207)
ERROR: Condition "err != OK" is true.
   at: add_surface_from_arrays (scene/resources/mesh.cpp:1825)
ERROR: Condition "array_len == 0" is true. Returning: ERR_INVALID_DATA
   at: mesh_create_surface_data_from_arrays (servers/rendering/rendering_server.cpp:1207)
ERROR: Condition "err != OK" is true.
   at: add_surface_from_arrays (scene/resources/mesh.cpp:1825)
ERROR: Condition "array_len == 0" is true. Returning: ERR_INVALID_DATA
   at: mesh_create_surface_data_from_arrays (servers/rendering/rendering_server.cpp:1207)
ERROR: Condition "err != OK" is true.
   at: add_surface_from_arrays (scene/resources/mesh.cpp:1825)
ERROR: Condition "array_len == 0" is true. Returning: ERR_INVALID_DATA
   at: mesh_create_surface_data_from_arrays (servers/rendering/rendering_server.cpp:1207)
ERROR: Condition "err != OK" is true.
   at: add_surface_from_arrays (scene/resources/mesh.cpp:1825)
ERROR: Condition "array_len == 0" is true. Returning: ERR_INVALID_DATA
   at: mesh_create_surface_data_from_arrays (servers/rendering/rendering_server.cpp:1207)
ERROR: Condition "err != OK" is true.
   at: add_surface_from_arrays (scene/resources/mesh.cpp:1825)
ERROR: Condition "array_len == 0" is true. Returning: ERR_INVALID_DATA
   at: mesh_create_surface_data_from_arrays (servers/rendering/rendering_server.cpp:1207)
ERROR: Condition "err != OK" is true.
   at: add_surface_from_arrays (scene/resources/mesh.cpp:1825)
ERROR: Condition "array_len == 0" is true. Returning: ERR_INVALID_DATA
   at: mesh_create_surface_data_from_arrays (servers/rendering/rendering_server.cpp:1207)
ERROR: Condition "err != OK" is true.
   at: add_surface_from_arrays (scene/resources/mesh.cpp:1825)
ERROR: Condition "array_len == 0" is true. Returning: ERR_INVALID_DATA
   at: mesh_create_surface_data_from_arrays (servers/rendering/rendering_server.cpp:1207)
ERROR: Condition "err != OK" is true.
   at: add_surface_from_arrays (scene/resources/mesh.cpp:1825)
ERROR: Condition "array_len == 0" is true. Returning: ERR_INVALID_DATA
   at: mesh_create_surface_data_from_arrays (servers/rendering/rendering_server.cpp:1207)
ERROR: Condition "err != OK" is true.
   at: add_surface_from_arrays (scene/resources/mesh.cpp:1825)
ERROR: Condition "array_len == 0" is true. Returning: ERR_INVALID_DATA
   at: mesh_create_surface_data_from_arrays (servers/rendering/rendering_server.cpp:1207)
ERROR: Condition "err != OK" is true.
   at: add_surface_from_arrays (scene/resources/mesh.cpp:1825)
ERROR: Condition "array_len == 0" is true. Returning: ERR_INVALID_DATA
   at: mesh_create_surface_data_from_arrays (servers/rendering/rendering_server.cpp:1207)
ERROR: Condition "err != OK" is true.
   at: add_surface_from_arrays (scene/resources/mesh.cpp:1825)
ERROR: Condition "array_len == 0" is true. Returning: ERR_INVALID_DATA
   at: mesh_create_surface_data_from_arrays (servers/rendering/rendering_server.cpp:1207)
ERROR: Condition "err != OK" is true.
   at: add_surface_from_arrays (scene/resources/mesh.cpp:1825)
ERROR: Condition "array_len == 0" is true. Returning: ERR_INVALID_DATA
   at: mesh_create_surface_data_from_arrays (servers/rendering/rendering_server.cpp:1207)
ERROR: Condition "err != OK" is true.
   at: add_surface_from_arrays (scene/resources/mesh.cpp:1825)
ERROR: Condition "array_len == 0" is true. Returning: ERR_INVALID_DATA
   at: mesh_create_surface_data_from_arrays (servers/rendering/rendering_server.cpp:1207)
ERROR: Condition "err != OK" is true.
   at: add_surface_from_arrays (scene/resources/mesh.cpp:1825)
ERROR: Condition "array_len == 0" is true. Returning: ERR_INVALID_DATA
   at: mesh_create_surface_data_from_arrays (servers/rendering/rendering_server.cpp:1207)
ERROR: Condition "err != OK" is true.
   at: add_surface_from_arrays (scene/resources/mesh.cpp:1825)
ERROR: Condition "array_len == 0" is true. Returning: ERR_INVALID_DATA
   at: mesh_create_surface_data_from_arrays (servers/rendering/rendering_server.cpp:1207)
ERROR: Condition "err != OK" is true.
   at: add_surface_from_arrays (scene/resources/mesh.cpp:1825)
ERROR: Condition "array_len == 0" is true. Returning: ERR_INVALID_DATA
   at: mesh_create_surface_data_from_arrays (servers/rendering/rendering_server.cpp:1207)
ERROR: Condition "err != OK" is true.
   at: add_surface_from_arrays (scene/resources/mesh.cpp:1825)
ERROR: index_array_len==NO_INDEX_ARRAY
   at: mesh_surface_make_offsets_from_format (servers/rendering/rendering_server.cpp:1145)
ERROR: Parameter "iw" is null.
   at: _surface_set_data (servers/rendering/rendering_server.cpp:893)
ERROR: Invalid array format for surface.
   at: mesh_create_surface_data_from_arrays (servers/rendering/rendering_server.cpp:1310)
ERROR: Condition "err != OK" is true.
   at: add_surface_from_arrays (scene/resources/mesh.cpp:1825)
ERROR: index_array_len==NO_INDEX_ARRAY
   at: mesh_surface_make_offsets_from_format (servers/rendering/rendering_server.cpp:1145)
ERROR: Parameter "iw" is null.
   at: _surface_set_data (servers/rendering/rendering_server.cpp:893)
ERROR: Invalid array format for surface.
   at: mesh_create_surface_data_from_arrays (servers/rendering/rendering_server.cpp:1310)
ERROR: Condition "err != OK" is true.
   at: add_surface_from_arrays (scene/resources/mesh.cpp:1825)
ERROR: index_array_len==NO_INDEX_ARRAY
   at: mesh_surface_make_offsets_from_format (servers/rendering/rendering_server.cpp:1145)
ERROR: Parameter "iw" is null.
   at: _surface_set_data (servers/rendering/rendering_server.cpp:893)
ERROR: Invalid array format for surface.
   at: mesh_create_surface_data_from_arrays (servers/rendering/rendering_server.cpp:1310)
ERROR: Condition "err != OK" is true.
   at: add_surface_from_arrays (scene/resources/mesh.cpp:1825)
ERROR: Condition "array_len == 0" is true. Returning: ERR_INVALID_DATA
   at: mesh_create_surface_data_from_arrays (servers/rendering/rendering_server.cpp:1207)
ERROR: Condition "err != OK" is true.
   at: add_surface_from_arrays (scene/resources/mesh.cpp:1825)
ERROR: Condition "array_len == 0" is true. Returning: ERR_INVALID_DATA
   at: mesh_create_surface_data_from_arrays (servers/rendering/rendering_server.cpp:1207)
ERROR: Condition "err != OK" is true.
   at: add_surface_from_arrays (scene/resources/mesh.cpp:1825)
ERROR: Condition "array_len == 0" is true. Returning: ERR_INVALID_DATA
   at: mesh_create_surface_data_from_arrays (servers/rendering/rendering_server.cpp:1207)
ERROR: Condition "err != OK" is true.
   at: add_surface_from_arrays (scene/resources/mesh.cpp:1825)
ERROR: index_array_len==NO_INDEX_ARRAY
   at: mesh_surface_make_offsets_from_format (servers/rendering/rendering_server.cpp:1145)
ERROR: Parameter "iw" is null.
   at: _surface_set_data (servers/rendering/rendering_server.cpp:893)
ERROR: Invalid array format for surface.
   at: mesh_create_surface_data_from_arrays (servers/rendering/rendering_server.cpp:1310)
ERROR: Condition "err != OK" is true.
   at: add_surface_from_arrays (scene/resources/mesh.cpp:1825)
ERROR: Condition "array_len == 0" is true. Returning: ERR_INVALID_DATA
   at: mesh_create_surface_data_from_arrays (servers/rendering/rendering_server.cpp:1207)
ERROR: Condition "err != OK" is true.
   at: add_surface_from_arrays (scene/resources/mesh.cpp:1825)
ERROR: Condition "array_len == 0" is true. Returning: ERR_INVALID_DATA
   at: mesh_create_surface_data_from_arrays (servers/rendering/rendering_server.cpp:1207)
ERROR: Condition "err != OK" is true.
   at: add_surface_from_arrays (scene/resources/mesh.cpp:1825)
ERROR: Condition "array_len == 0" is true. Returning: ERR_INVALID_DATA
   at: mesh_create_surface_data_from_arrays (servers/rendering/rendering_server.cpp:1207)
ERROR: Condition "err != OK" is true.
   at: add_surface_from_arrays (scene/resources/mesh.cpp:1825)
[MoHAA][MIRROR-DEBUG-STATIC] TIKI shader name contains vanity: 'static_vanity'
[MoHAA][MIRROR-DEBUG-STATIC] Vanity mirror hack triggered for surface 0
[MoHAA][MIRROR-DEBUG-STATIC] TIKI shader name contains vanity: 'static_vanity'
[MoHAA][MIRROR-DEBUG-STATIC] Vanity mirror hack triggered for surface 0
[MoHAA] Static models: 349 placed, 0 failed.
[MoHAA] Static models loaded for: maps/dm/mohdm1.bsp
[MoHAA] Loading skybox: env/mohday1
ERROR: All images must share the same dimensions
   at: create_from_images (scene/resources/image_texture.cpp:303)
[MoHAA] Failed to create sky cubemap.
[MoHAA] Loading load_skybox: maps/dm/mohdm1.bsp
[Weather] Initialised rain and snow emitters.
[MoHAA] Sound occlusion enabled.
[GodotMusic] Loaded music: sound/amb_stereo/Amb_M4_CountryExt_01.mp3 (2786394 bytes)
[GodotMusic] Resolved .mus 'music/mohdm1.mus' → 'sound/amb_stereo/Amb_M4_CountryExt_01.mp3'
Elgan has entered the battle
[MoHAA][HUD-AMMO] weapon='hud_ammo_' menu=FOUND hud_ammo=NULL
[PVS] Cluster 556: 164 visible (147 forced), 283 hidden of 693 total.
ERROR: Parameter "t" is null.
   at: texture_2d_get (./servers/rendering/dummy/storage/texture_storage.h:106)
   GDScript backtrace (most recent call first):
       [0] take_screenshot (res://Main.gd:276)
       [1] _process (res://Main.gd:259)
Main: Could not get viewport image
Main: Status state=game map=dm/mohdm1 players=32
Main: Status state=game map=dm/mohdm1 players=32
Main: Status state=game map=dm/mohdm1 players=32
Main: Status state=game map=dm/mohdm1 players=32
Main: Status state=game map=dm/mohdm1 players=32
Main: Status state=game map=dm/mohdm1 players=32
Main: Status state=game map=dm/mohdm1 players=32
Main: Status state=game map=dm/mohdm1 players=32
[GodotMusic] Shutdown

================================================================
handle_crash: Program crashed with signal 11
Engine version: Godot Engine v4.6.1.stable.official (14d19694e0c88a3f9e82d899a0400f27a24c176e)
Dumping the backtrace. Please include this when reporting the bug on: https://github.com/godotengine/godot/issues
[1] /usr/lib/x86_64-linux-gnu/libc.so.6(+0x45f30) [0x770cd0a45f30] (??:0)
[2] godot() [0x62d400] (??:0)
[3] /run/media/elgan/bdb8dbed-86d7-41d2-90f3-09a45ed5ad9c1/dev/opm-godot/project/bin/libopenmohaa.so(+0x705d3f) [0x770c31105d3f] (??:0)
[4] /run/media/elgan/bdb8dbed-86d7-41d2-90f3-09a45ed5ad9c1/dev/opm-godot/project/bin/libopenmohaa.so(+0x5a7bdb) [0x770c30fa7bdb] (??:0)
[5] /run/media/elgan/bdb8dbed-86d7-41d2-90f3-09a45ed5ad9c1/dev/opm-godot/project/bin/libopenmohaa.so(+0x5600ed) [0x770c30f600ed] (??:0)
[6] /run/media/elgan/bdb8dbed-86d7-41d2-90f3-09a45ed5ad9c1/dev/opm-godot/project/bin/libopenmohaa.so(+0x5c59cb) [0x770c30fc59cb] (??:0)
[7] godot() [0x47b5cd8] (??:0)
[8] godot() [0x6d9578] (??:0)
[9] godot() [0x2914c10] (??:0)
[10] godot() [0x6d9562] (??:0)
[11] godot() [0x2914c10] (??:0)
[12] godot() [0x28b4012] (??:0)
[13] godot() [0x2911f52] (??:0)
[14] godot() [0x4321ac] (??:0)
[15] /usr/lib/x86_64-linux-gnu/libc.so.6(+0x2a575) [0x770cd0a2a575] (??:0)
[16] /usr/lib/x86_64-linux-gnu/libc.so.6(__libc_start_main+0x88) [0x770cd0a2a628] (??:0)
[17] godot() [0x48ad7a] (??:0)
-- END OF C++ BACKTRACE --
================================================================
----
Backtrace:
----
