OpenMoHAA: openmohaa_library_init called.
Godot Engine v4.6.1.stable.official.14d19694e - https://godotengine.org

OpenMoHAA: initialize_openmohaa_module called at SCENE level.
Main: Script started.
Main: 'MoHAARunner' found in ClassDB.
[MoHAA] Initialising engine...
tty console mode disabled
--- Common Initialization ---
OpenMoHAA v0.55.0-git linux Feb 27 2026
----- FS_Startup -----
Current search path:
/home/elgan/.config/openmohaa/main
/home/elgan/.local/share/openmohaa/main
/home/elgan/.local/share/openmohaa/main/pak7.pk3 (89 files)
/home/elgan/.local/share/openmohaa/main/Pak6EnUk.pk3 (395 files)
/home/elgan/.local/share/openmohaa/main/Pak6.pk3 (395 files)
/home/elgan/.local/share/openmohaa/main/pak6.pk3 (104 files)
/home/elgan/.local/share/openmohaa/main/Pak5.pk3 (259 files)
/home/elgan/.local/share/openmohaa/main/Pak4.pk3 (593 files)
/home/elgan/.local/share/openmohaa/main/Pak3.pk3 (669 files)
/home/elgan/.local/share/openmohaa/main/Pak2.pk3 (4722 files)
/home/elgan/.local/share/openmohaa/main/Pak1.pk3 (396 files)
/home/elgan/.local/share/openmohaa/main/Pak0.pk3 (11174 files)
/home/elgan/.local/state/openmohaa/main
./main

----------------------
37592 files in pk3 files
execing default.cfg
execing menu.cfg
Config: omconfig_server.cfg
execing configs/omconfig_server.cfg
couldn't exec localized.cfg
couldn't exec autoexec.cfg
You are now setup for medium mode.
logfile opened on Fri Feb 27 12:15:44 2026

=> game is version OpenMoHAA v0.55.0-git linux Feb 27 2026
=> targeting game ID 0
----- Client Initialization -----
----- Initializing Renderer ----
[GodotRenderer] Initialising Godot renderer backend
-------------------------------
[GodotSound] S_Init (full_startup=1)
QKEY found.
[GodotRenderer] BeginRegistration
[GodotRenderer] Calling R_Init() to bootstrap real shader/image/model subsystems
----- R_Init -----
Initializing Shaders
...loading 'scripts/gfx.shader'
...loading 'scripts/jeep.shader'
...loading 'scripts/ktigertank.shader'
...loading 'scripts/opel.shader'
...loading 'scripts/panzer_iv.shader'
...loading 'scripts/tigertank.shader'
...loading 'scripts/mohmenu.shader'
...loading 'scripts/15cannon.shader'
...loading 'scripts/20mmflak.shader'
...loading 'scripts/3dk.shader'
...loading 'scripts/algiers.shader'
...loading 'scripts/allied_insignia.shader'
...loading 'scripts/allied_pilot.shader'
...loading 'scripts/barracks.shader'
...loading 'scripts/barrel.shader'
...loading 'scripts/beams.shader'
...loading 'scripts/blasted.shader'
...loading 'scripts/bmwbike.shader'
...loading 'scripts/bottles.shader'
...loading 'scripts/brest.shader'
...loading 'scripts/bunker.shader'
...loading 'scripts/c47.shader'
...loading 'scripts/car.shader'
...loading 'scripts/central_europe.shader'
...loading 'scripts/central_europe_winter.shader'
...loading 'scripts/clock.shader'
...loading 'scripts/cockroach.shader'
...loading 'scripts/common.shader'
...loading 'scripts/crates.shader'
...loading 'scripts/das_boot.shader'
...loading 'scripts/ddaydark.shader'
...loading 'scripts/dday_shaders_v1.shader'
...loading 'scripts/decals.shader'
...loading 'scripts/dtruck.shader'
...loading 'scripts/effects.shader'
...loading 'scripts/environmentalfx.shader'
...loading 'scripts/faces.shader'
...loading 'scripts/flags.shader'
...loading 'scripts/flak88.shader'
...loading 'scripts/fockwulf.shader'
...loading 'scripts/french.shader'
...loading 'scripts/french_resistance.shader'
...loading 'scripts/frogman.shader'
...loading 'scripts/furniture.shader'
...loading 'scripts/general_industrial.shader'
...loading 'scripts/general_structure.shader'
...loading 'scripts/german.shader'
...loading 'scripts/german_dak.shader'
...loading 'scripts/german_gear.shader'
...loading 'scripts/german_kreigsmarine.shader'
...loading 'scripts/german_motorpool.shader'
...loading 'scripts/german_obershutze.shader'
...loading 'scripts/german_officer.shader'
...loading 'scripts/german_officer2.shader'
...loading 'scripts/german_scientist.shader'
...loading 'scripts/german_sentry.shader'
...loading 'scripts/german_shepherd.shader'
...loading 'scripts/german_ssnco.shader'
...loading 'scripts/german_ssshutze.shader'
...loading 'scripts/german_wehrmact.shader'
...loading 'scripts/german_winter.shader'
...loading 'scripts/german_worker.shader'
...loading 'scripts/gestapo.shader'
...loading 'scripts/gmctruck.shader'
...loading 'scripts/higgins.shader'
...loading 'scripts/howitzer.shader'
...loading 'scripts/hud.shader'
...loading 'scripts/hundpatrol.shader'
...loading 'scripts/indycrate.shader'
...loading 'scripts/interior.shader'
...loading 'scripts/interiorfx.shader'
...loading 'scripts/interior_northafrica.shader'
...loading 'scripts/items.shader'
...loading 'scripts/ktigertank_d.shader'
...loading 'scripts/light.shader'
...loading 'scripts/loadingscreens.shader'
...loading 'scripts/m1l1anate.shader'
...loading 'scripts/m3.shader'
...loading 'scripts/m5l2anate.shader'
...loading 'scripts/manon.shader'
...loading 'scripts/mercedes.shader'
...loading 'scripts/misc_outside.shader'
...loading 'scripts/mohcommon.shader'
...loading 'scripts/mohdetails.shader'
...loading 'scripts/mohtest.shader'
...loading 'scripts/nazi_crate.shader'
...loading 'scripts/nebelwerfer.shader'
...loading 'scripts/nebelwerfer_d.shader'
...loading 'scripts/normandy.shader'
...loading 'scripts/norway.shader'
...loading 'scripts/obstacles.shader'
...loading 'scripts/ocean.shader'
...loading 'scripts/p47.shader'
...loading 'scripts/panzershutze.shader'
...loading 'scripts/panzer_g.shader'
...loading 'scripts/panzer_grenadier.shader'
...loading 'scripts/paulscrate.shader'
...loading 'scripts/playerviewmodel.shader'
...loading 'scripts/protoamerican.shader'
...loading 'scripts/protogerman.shader'
...loading 'scripts/protosprites.shader'
...loading 'scripts/sandbags.shader'
...loading 'scripts/sdkfz.shader'
...loading 'scripts/sdkfz_desert_d.shader'
...loading 'scripts/shells.shader'
...loading 'scripts/shermantank.shader'
...loading 'scripts/sky.shader'
...loading 'scripts/sky_old.shader'
...loading 'scripts/sprites.shader'
...loading 'scripts/static_basket.shader'
...loading 'scripts/static_items.shader'
...loading 'scripts/static_obstacles.shader'
...loading 'scripts/static_piperplane.shader'
...loading 'scripts/static_sandbags.shader'
...loading 'scripts/static_wirerailholder.shader'
...loading 'scripts/stuka.shader'
...loading 'scripts/submodels.shader'
...loading 'scripts/sunflare.shader'
...loading 'scripts/tank_commander.shader'
...loading 'scripts/targets.shader'
...loading 'scripts/tempfakk.shader'
...loading 'scripts/tempsign.shader'
...loading 'scripts/test.shader'
...loading 'scripts/tigertank_d.shader'
...loading 'scripts/train.shader'
...loading 'scripts/trees.shader'
...loading 'scripts/treeshadows.shader'
...loading 'scripts/us_gear.shader'
...loading 'scripts/us_soldier.shader'
...loading 'scripts/wake.shader'
...loading 'scripts/weapons_allied.shader'
...loading 'scripts/weapons_german.shader'
...loading 'scripts/wilderness.shader'
...loading 'scripts/windowdecals.shader'
...loading 'scripts/windowold.shader'
...loading 'scripts/windowtst.shader'
...loading 'scripts/wirecutters.shader'
Setting up Shaders
----- finished R_Init -----
[GodotRenderer] BeginRegistration: r_mode=9 fs=0 => 1600x1200
Loading inventory...
----- Client Initialization Complete ----- -46 ms
--- Common Initialization Complete --- 106 ms
IP: 127.0.0.1
IP: 192.168.1.171
IP: 172.19.0.1
IP: 172.18.0.1
IP: 172.17.0.1
IP: 172.21.0.1
IP: 172.20.0.1
IP: 172.22.0.1
IP6: ::1
IP6: fd49:c467:9573::ebe
IP6: 2a02:390:6696::ebe
IP6: 2a02:390:6696:0:7fb2:3fa7:2d91:bf57
IP6: 2a02:390:6696:0:26:d55e:22f4:dde8
IP6: fd49:c467:9573:0:feb7:b231:247c:a58e
IP6: fd49:c467:9573:0:f9f2:197a:ec01:7718
IP6: fe80::b59:a2e:c4d8:69a1%wlp11s0
Opening IP socket: 0.0.0.0:12203
WARNING: NET_IPSocket: bind: Address already in use
Opening IP socket: 0.0.0.0:12204
WARNING: NET_IPSocket: bind: Address already in use
Opening IP socket: 0.0.0.0:12205
[ShaderAccessors] Pre-cached 20 shaders from tr.shaders[]
[MoHAA] 3D scene created (Camera3D + light + environment).
[MoHAA] Weapon SubViewport created (1280x720)
[MoHAA] Audio bridge initialised: 32 3D + 16 2D players.
[MoHAA] Music player initialised.
[MoHAA] Ubersound accessor ready (aliases loaded by cgame at map load).
[MoHAA] Cinematic display initialised.
[GodotMusic] Initialised
[MoHAA] Engine initialised.
Main: MoHAARunner added to tree.
Main: Startup args -> +set dedicated 0 +set developer 0
Main: Starting at main menu (no auto-map).
Main: server_state -> dead (0)
[MoHAA] Mouse State Change: catchers=0x2 overlay=1 guimouse=1 should_capture=0
[MoHAA] vid_restart: fullscreen=0 size=1600x1200
[MoHAA] Custom cursor set: 32x32
[MoHAA] HUD overlay created.
[MoHAA] 2D overlay: 43 draw commands
[VFX-VERIFY] ---- Sprite shader data verification ----
[VFX-VERIFY]  'muzsprite' img=64x64 sprScale=0.3 base_extent=0.488m (at entScale=1.0)
[VFX-VERIFY]  'thompsonsmg_spriteflash' NOT FOUND
[VFX-VERIFY]  'mg42_spriteflash' NOT FOUND
[VFX-VERIFY]  'corona_util' img=128x128 sprScale=1.0 base_extent=3.251m (at entScale=1.0)
[VFX-VERIFY]  'vsssource' img=32x32 sprScale=1.0 base_extent=0.813m (at entScale=1.0)
[VFX-VERIFY]  'fgrenexplosion' NOT FOUND
[VFX-VERIFY]  'splash_z' NOT FOUND
[VFX-VERIFY] ---- End verification ----
Main: Status state=dead map= players=0
Main: Status state=dead map= players=0
Main: Status state=dead map= players=0
Main: Status state=dead map= players=0
Main: Status state=dead map= players=0
Main: Status state=dead map= players=0
Main: Status state=dead map= players=0
Main: Status state=dead map= players=0
Main: Status state=dead map= players=0
Main: Status state=dead map= players=0
Main: Status state=dead map= players=0
Main: Status state=dead map= players=0
Main: Status state=dead map= players=0
[GodotMusic] Shutdown
WARNING: 1 RID of type "CanvasItem" was leaked.
     at: _free_rids (servers/rendering/renderer_canvas_cull.cpp:2690)
ERROR: 1 RID allocations of type 'PN13RendererDummy14TextureStorage12DummyTextureE' were leaked at exit.
WARNING: ObjectDB instances leaked at exit (run with --verbose for details).
     at: cleanup (core/object/object.cpp:2641)
